<?xml version="1.0" encoding="UTF-8"?>
<!-- Generated by org.testng.reporters.JUnitReportReporter -->
<testsuite skipped="0" hostname="wso2-ThinkPad-X1-Carbon-4th" name="org.wso2.extension.siddhi.execution.stats.MedianAttributeAggregatorTestCase" tests="4" failures="0" timestamp="20 Jun 2017 13:58:58 GMT" time="0.383" errors="0">
  <testcase name="test3" time="0.005" classname="org.wso2.extension.siddhi.execution.stats.MedianAttributeAggregatorTestCase"/>
  <testcase name="test4" time="0.004" classname="org.wso2.extension.siddhi.execution.stats.MedianAttributeAggregatorTestCase"/>
  <testcase name="test2" time="0.006" classname="org.wso2.extension.siddhi.execution.stats.MedianAttributeAggregatorTestCase"/>
  <testcase name="test1" time="0.368" classname="org.wso2.extension.siddhi.execution.stats.MedianAttributeAggregatorTestCase"/>
</testsuite> <!-- org.wso2.extension.siddhi.execution.stats.MedianAttributeAggregatorTestCase -->
